<?xml version="1.0" encoding="UTF-8"?>
<!-- Generated by org.testng.reporters.JUnitReportReporter -->
<testsuite hostname="hp" failures="0" tests="3" name="test.SearchTest" time="0.000" errors="0" timestamp="2024-10-15T07:30:21 IST" skipped="3">
  <testcase classname="test.SearchTest" name="verifyTitle" time="0.000">
    <skipped/>
  </testcase> <!-- verifyTitle -->
  <system-out/>
  <testcase classname="test.SearchTest" name="searchProducts" time="0.000">
    <skipped/>
  </testcase> <!-- searchProducts -->
  <system-out/>
  <testcase classname="test.SearchTest" name="valiidateSearchResults" time="0.000">
    <skipped/>
  </testcase> <!-- valiidateSearchResults -->
  <system-out/>
</testsuite> <!-- test.SearchTest -->
