<?xml version="1.0" encoding="UTF-8"?>
<!-- Generated by org.testng.reporters.JUnitReportReporter -->
<testsuite hostname="hp" failures="0" tests="3" name="test.SpiritTest" time="20.400" errors="0" timestamp="2024-10-15T15:37:52 IST" skipped="0">
  <testcase classname="test.SpiritTest" name="selectProduct" time="10.989"/>
  <system-out/>
  <testcase classname="test.SpiritTest" name="SortByHighPrice" time="2.393"/>
  <system-out/>
  <testcase classname="test.SpiritTest" name="SortByAlphabates" time="7.018"/>
  <system-out/>
</testsuite> <!-- test.SpiritTest -->
