<?xml version="1.0" encoding="UTF-8"?>
<!-- Generated by org.testng.reporters.JUnitReportReporter -->
<testsuite hostname="hp" failures="0" tests="3" name="test.BeerTest" time="0.000" errors="0" timestamp="2024-10-15T07:30:21 IST" skipped="3">
  <testcase classname="test.BeerTest" name="BeerSearchTest" time="0.000">
    <skipped/>
  </testcase> <!-- BeerSearchTest -->
  <system-out/>
  <testcase classname="test.BeerTest" name="ApplyTest" time="0.000">
    <skipped/>
  </testcase> <!-- ApplyTest -->
  <system-out/>
  <testcase classname="test.BeerTest" name="MainSearch" time="0.000">
    <skipped/>
  </testcase> <!-- MainSearch -->
  <system-out/>
</testsuite> <!-- test.BeerTest -->
