<?xml version="1.0" encoding="UTF-8"?>
<!-- Generated by org.testng.reporters.JUnitReportReporter -->
<testsuite hostname="hp" failures="0" tests="3" name="test.BeerTest" time="4.636" errors="0" timestamp="2024-10-15T16:26:27 IST" skipped="0">
  <testcase classname="test.BeerTest" name="BeerSearchTest" time="1.984"/>
  <system-out/>
  <testcase classname="test.BeerTest" name="ApplyTest" time="2.527"/>
  <system-out/>
  <testcase classname="test.BeerTest" name="MainSearch" time="0.125"/>
  <system-out/>
</testsuite> <!-- test.BeerTest -->
