<?xml version="1.0" encoding="UTF-8"?>
<!-- Generated by org.testng.reporters.JUnitReportReporter -->
<testsuite hostname="hp" failures="0" tests="3" name="test.AddToCartTest" time="7.258" errors="0" timestamp="2024-10-15T16:26:27 IST" skipped="0">
  <testcase classname="test.AddToCartTest" name="SelectItem" time="6.953"/>
  <system-out/>
  <testcase classname="test.AddToCartTest" name="VerifyAddtoCart" time="0.125"/>
  <system-out/>
  <testcase classname="test.AddToCartTest" name="SearchOnCartPage" time="0.180"/>
  <system-out/>
</testsuite> <!-- test.AddToCartTest -->
