<?xml version="1.0" encoding="UTF-8"?>
<!-- Generated by org.testng.reporters.JUnitReportReporter -->
<testsuite hostname="hp" failures="0" tests="3" name="test.SearchTest" time="1.416" errors="0" timestamp="2024-10-15T16:26:27 IST" skipped="0">
  <testcase classname="test.SearchTest" name="verifyTitle" time="0.016"/>
  <system-out/>
  <testcase classname="test.SearchTest" name="searchProducts" time="1.295"/>
  <system-out/>
  <testcase classname="test.SearchTest" name="valiidateSearchResults" time="0.105"/>
  <system-out/>
</testsuite> <!-- test.SearchTest -->
