<?xml version="1.0" encoding="UTF-8"?>
<!-- Generated by org.testng.reporters.JUnitReportReporter -->
<testsuite hostname="hp" failures="0" tests="3" name="test.SpiritTest" time="8.580" errors="0" timestamp="2024-10-15T16:26:27 IST" skipped="0">
  <testcase classname="test.SpiritTest" name="selectProduct" time="3.354"/>
  <system-out/>
  <testcase classname="test.SpiritTest" name="SortByHighPrice" time="2.752"/>
  <system-out/>
  <testcase classname="test.SpiritTest" name="SortByAlphabates" time="2.474"/>
  <system-out/>
</testsuite> <!-- test.SpiritTest -->
